# --------------------------------------------------- // System
timeshift 
grub-btrfs
timeshift-autosnap
libva-nvidia-driver
clonezilla
signal-desktop
keepassxc
octopi
protontricks
wine
winetricks
wine-cachyos-opt
torbrowser-launcher
goverlay
heroic-games-launcher-bin
kdeconnect
steam 
proton-cachyos
gamemode                                          
mangohud                                             
gamescope                                      
lutris                                               
bottles
emote
vlc


                                      
